<?xml version="1.0" encoding="UTF-8"?>
<!-- Generated by org.testng.reporters.JUnitXMLReporter -->
<testsuite ignored="0" hostname="LAPTOP-O04QCH21" failures="0" tests="7" name="Batch" time="5.85" errors="0" timestamp="2023-01-19T12:28:29 EST">
  <testcase classname="batchTest.GetBachallPrograms" name="getallPrograms" time="3.806"/>
  <testcase classname="batchTest.GetBatchesByBatchName" name="batchbyNameRequest" time="0.193"/>
  <testcase classname="batchTest.GetBatchesbyID" name="batchbyID" time="0.168"/>
  <testcase classname="batchTest.GetbatchesbyProgramId" name="batchbyID" time="0.186"/>
  <testcase classname="batchTest.PostBatche" name="storeData" time="0.655"/>
  <testcase classname="batchTest.UpdateBatchById" name="testPutId" time="0.167"/>
  <testcase classname="batchTest.DeleteBatchById" name="deletebyBatchIDRequest" time="0.338"/>
</testsuite> <!-- Batch -->
