<?xml version="1.0" encoding="UTF-8"?>
<!-- Generated by org.testng.reporters.JUnitXMLReporter -->
<testsuite ignored="0" hostname="LAPTOP-O04QCH21" failures="0" tests="6" name="Program" time="2.444" errors="0" timestamp="2023-01-19T12:28:32 EST">
  <testcase classname="programsTest.GetAllPrograms" name="getallPrograms" time="0.344"/>
  <testcase classname="programsTest.GetProgramNameByID" name="programbyID" time="1.185"/>
  <testcase classname="programsTest.PostSaveProgram" name="storeData" time="0.163"/>
  <testcase classname="programsTest.PutByNameRequest" name="testPutName" time="0.156"/>
  <testcase classname="programsTest.PutByProgramID" name="testPutId" time="0.281"/>
  <testcase classname="programsTest.DeleteProgrambyID" name="deletebyIDRequest" time="0.262"/>
</testsuite> <!-- Program -->
